<?xml version="1.0" encoding="UTF-8"?>
<!-- Generated by org.testng.reporters.JUnitXMLReporter -->
<testsuite ignored="0" hostname="JOGM01T0NJ" failures="1" tests="1" name="Test" time="72.239" errors="0" timestamp="2024-12-05T12:27:54 AST">
  <testcase classname="com.Freshnessnew.HomePageTests.HomePageTest" name="createNewProduct" time="6.247">
    <failure type="java.lang.AssertionError" message="Intentional failure for testing purposes. expected [true] but found [false]">
      <![CDATA[java.lang.AssertionError: Intentional failure for testing purposes. expected [true] but found [false]
at com.Freshnessnew.HomePageTests.HomePageTest.createNewProduct(HomePageTest.java:47)
at java.base/java.util.ArrayList.forEach(ArrayList.java:1511)
... Removed 32 stack frames]]>
    </failure>
  </testcase> <!-- createNewProduct -->
</testsuite> <!-- Test -->
