<?xml version="1.0" encoding="UTF-8"?>
<testng-results ignored="0" total="1" passed="0" failed="1" skipped="0">
  <reporter-output>
  </reporter-output>
  <suite started-at="2024-12-06T19:43:23 AST" name="Suite" finished-at="2024-12-06T19:43:40 AST" duration-ms="17467">
    <groups>
    </groups>
    <test started-at="2024-12-06T19:43:23 AST" name="Chrome Tests" finished-at="2024-12-06T19:43:40 AST" duration-ms="17467">
      <class name="com.Freshnessnew.HomePageTests.HomePageTest">
        <test-method is-config="true" signature="launchApp(java.lang.String,boolean,java.lang.String,java.lang.String)[pri:0, instance:com.Freshnessnew.HomePageTests.HomePageTest@2f67a4d3]" started-at="2024-12-06T19:43:23 AST" name="launchApp" finished-at="2024-12-06T19:43:32 AST" duration-ms="9280" status="PASS">
          <params>
            <param index="0">
              <value>
                <![CDATA[chrome]]>
              </value>
            </param>
            <param index="1">
              <value>
                <![CDATA[false]]>
              </value>
            </param>
            <param index="2">
              <value>
                <![CDATA[Windows]]>
              </value>
            </param>
            <param index="3">
              <value>
                <![CDATA[10]]>
              </value>
            </param>
          </params>
          <reporter-output>
          </reporter-output>
        </test-method> <!-- launchApp -->
        <test-method is-config="true" signature="setup()[pri:0, instance:com.Freshnessnew.HomePageTests.HomePageTest@2f67a4d3]" started-at="2024-12-06T19:43:32 AST" name="setup" finished-at="2024-12-06T19:43:32 AST" duration-ms="3" status="PASS">
          <reporter-output>
          </reporter-output>
        </test-method> <!-- setup -->
        <test-method signature="createNewProduct()[pri:1, instance:com.Freshnessnew.HomePageTests.HomePageTest@2f67a4d3]" started-at="2024-12-06T19:43:32 AST" name="createNewProduct" description="Add a new product and verify itâ€™s added successfully" finished-at="2024-12-06T19:43:39 AST" duration-ms="6635" status="FAIL">
          <exception class="java.lang.AssertionError">
            <message>
              <![CDATA[Intentional failed for testing purposes. expected [true] but found [false]]]>
            </message>
            <full-stacktrace>
              <![CDATA[java.lang.AssertionError: Intentional failed for testing purposes. expected [true] but found [false]
at org.testng.Assert.fail(Assert.java:111)
at org.testng.Assert.failNotEquals(Assert.java:1578)
at org.testng.Assert.assertTrue(Assert.java:57)
at com.Freshnessnew.HomePageTests.HomePageTest.createNewProduct(HomePageTest.java:46)
at java.base/jdk.internal.reflect.DirectMethodHandleAccessor.invoke(DirectMethodHandleAccessor.java:104)
at java.base/java.lang.reflect.Method.invoke(Method.java:578)
at org.testng.internal.invokers.MethodInvocationHelper.invokeMethod(MethodInvocationHelper.java:139)
at org.testng.internal.invokers.TestInvoker.invokeMethod(TestInvoker.java:664)
at org.testng.internal.invokers.TestInvoker.invokeTestMethod(TestInvoker.java:228)
at org.testng.internal.invokers.MethodRunner.runInSequence(MethodRunner.java:63)
at org.testng.internal.invokers.TestInvoker$MethodInvocationAgent.invoke(TestInvoker.java:961)
at org.testng.internal.invokers.TestInvoker.invokeTestMethods(TestInvoker.java:201)
at org.testng.internal.invokers.TestMethodWorker.invokeTestMethods(TestMethodWorker.java:148)
at org.testng.internal.invokers.TestMethodWorker.run(TestMethodWorker.java:128)
at java.base/java.util.ArrayList.forEach(ArrayList.java:1511)
at org.testng.TestRunner.privateRun(TestRunner.java:819)
at org.testng.TestRunner.run(TestRunner.java:619)
at org.testng.SuiteRunner.runTest(SuiteRunner.java:443)
at org.testng.SuiteRunner$SuiteWorker.run(SuiteRunner.java:481)
at org.testng.internal.thread.ThreadUtil.lambda$execute$0(ThreadUtil.java:58)
at java.base/java.util.concurrent.FutureTask.run(FutureTask.java:317)
at java.base/java.util.concurrent.ThreadPoolExecutor.runWorker(ThreadPoolExecutor.java:1144)
at java.base/java.util.concurrent.ThreadPoolExecutor$Worker.run(ThreadPoolExecutor.java:642)
at java.base/java.lang.Thread.run(Thread.java:1623)
]]>
            </full-stacktrace>
          </exception> <!-- java.lang.AssertionError -->
          <reporter-output>
          </reporter-output>
        </test-method> <!-- createNewProduct -->
        <test-method is-config="true" signature="tearDown()[pri:0, instance:com.Freshnessnew.HomePageTests.HomePageTest@2f67a4d3]" started-at="2024-12-06T19:43:39 AST" name="tearDown" finished-at="2024-12-06T19:43:40 AST" duration-ms="570" status="PASS">
          <reporter-output>
          </reporter-output>
        </test-method> <!-- tearDown -->
      </class> <!-- com.Freshnessnew.HomePageTests.HomePageTest -->
    </test> <!-- Chrome Tests -->
  </suite> <!-- Suite -->
</testng-results>
